<?xml version="1.0" encoding="UTF-8"?>
<testng-results ignored="0" total="1" passed="0" failed="1" skipped="0">
  <reporter-output>
  </reporter-output>
  <suite started-at="2024-07-01T08:59:25 IST" name="Default suite" finished-at="2024-07-01T08:59:39 IST" duration-ms="13306">
    <groups>
    </groups>
    <test started-at="2024-07-01T08:59:25 IST" name="Default test" finished-at="2024-07-01T08:59:39 IST" duration-ms="13306">
      <class name="POM_DDF_TestNG_UtilityClass_BaseClass_FailedTCesSS_PropertyFile.SwagLabsTest">
        <test-method is-config="true" signature="openBrowser()[pri:0, instance:POM_DDF_TestNG_UtilityClass_BaseClass_FailedTCesSS_PropertyFile.SwagLabsTest@20d525]" started-at="2024-07-01T08:59:25 IST" name="openBrowser" finished-at="2024-07-01T08:59:27 IST" duration-ms="1929" status="PASS">
          <reporter-output>
          </reporter-output>
        </test-method> <!-- openBrowser -->
        <test-method is-config="true" signature="loginToApp()[pri:0, instance:POM_DDF_TestNG_UtilityClass_BaseClass_FailedTCesSS_PropertyFile.SwagLabsTest@20d525]" started-at="2024-07-01T08:59:27 IST" name="loginToApp" finished-at="2024-07-01T08:59:34 IST" duration-ms="6320" status="PASS">
          <reporter-output>
          </reporter-output>
        </test-method> <!-- loginToApp -->
        <test-method signature="verifyLogin()[pri:0, instance:POM_DDF_TestNG_UtilityClass_BaseClass_FailedTCesSS_PropertyFile.SwagLabsTest@20d525]" started-at="2024-07-01T08:59:34 IST" name="verifyLogin" finished-at="2024-07-01T08:59:34 IST" duration-ms="582" status="FAIL">
          <exception class="java.lang.AssertionError">
            <message>
              <![CDATA[expected [secret_sauce] but found [Products]]]>
            </message>
            <full-stacktrace>
              <![CDATA[java.lang.AssertionError: expected [secret_sauce] but found [Products]
at org.testng.Assert.fail(Assert.java:111)
at org.testng.Assert.failNotEquals(Assert.java:1578)
at org.testng.Assert.assertEqualsImpl(Assert.java:150)
at org.testng.Assert.assertEquals(Assert.java:132)
at org.testng.Assert.assertEquals(Assert.java:656)
at org.testng.Assert.assertEquals(Assert.java:666)
at POM_DDF_TestNG_UtilityClass_BaseClass_FailedTCesSS_PropertyFile.SwagLabsTest.verifyLogin(SwagLabsTest.java:62)
at java.base/jdk.internal.reflect.DirectMethodHandleAccessor.invoke(DirectMethodHandleAccessor.java:104)
at java.base/java.lang.reflect.Method.invoke(Method.java:578)
at org.testng.internal.invokers.MethodInvocationHelper.invokeMethod(MethodInvocationHelper.java:141)
at org.testng.internal.invokers.TestInvoker.invokeMethod(TestInvoker.java:686)
at org.testng.internal.invokers.TestInvoker.invokeTestMethod(TestInvoker.java:230)
at org.testng.internal.invokers.MethodRunner.runInSequence(MethodRunner.java:63)
at org.testng.internal.invokers.TestInvoker$MethodInvocationAgent.invoke(TestInvoker.java:992)
at org.testng.internal.invokers.TestInvoker.invokeTestMethods(TestInvoker.java:203)
at org.testng.internal.invokers.TestMethodWorker.invokeTestMethods(TestMethodWorker.java:154)
at org.testng.internal.invokers.TestMethodWorker.run(TestMethodWorker.java:134)
at java.base/java.util.ArrayList.forEach(ArrayList.java:1511)
at org.testng.TestRunner.privateRun(TestRunner.java:739)
at org.testng.TestRunner.run(TestRunner.java:614)
at org.testng.SuiteRunner.runTest(SuiteRunner.java:421)
at org.testng.SuiteRunner.runSequentially(SuiteRunner.java:413)
at org.testng.SuiteRunner.privateRun(SuiteRunner.java:373)
at org.testng.SuiteRunner.run(SuiteRunner.java:312)
at org.testng.SuiteRunnerWorker.runSuite(SuiteRunnerWorker.java:52)
at org.testng.SuiteRunnerWorker.run(SuiteRunnerWorker.java:95)
at org.testng.TestNG.runSuitesSequentially(TestNG.java:1274)
at org.testng.TestNG.runSuitesLocally(TestNG.java:1208)
at org.testng.TestNG.runSuites(TestNG.java:1112)
at org.testng.TestNG.run(TestNG.java:1079)
at org.testng.remote.AbstractRemoteTestNG.run(AbstractRemoteTestNG.java:115)
at org.testng.remote.RemoteTestNG.initAndRun(RemoteTestNG.java:293)
at org.testng.remote.RemoteTestNG.main(RemoteTestNG.java:91)
]]>
            </full-stacktrace>
          </exception> <!-- java.lang.AssertionError -->
          <reporter-output>
          </reporter-output>
        </test-method> <!-- verifyLogin -->
        <test-method is-config="true" signature="logoutFromApp(org.testng.ITestResult)[pri:0, instance:POM_DDF_TestNG_UtilityClass_BaseClass_FailedTCesSS_PropertyFile.SwagLabsTest@20d525]" started-at="2024-07-01T08:59:34 IST" name="logoutFromApp" finished-at="2024-07-01T08:59:39 IST" duration-ms="4276" status="PASS">
          <params>
            <param index="0">
              <value>
                <![CDATA[[TestResult name=verifyLogin status=FAILURE method=SwagLabsTest.verifyLogin()[pri:0, instance:POM_DDF_TestNG_UtilityClass_BaseClass_FailedTCesSS_PropertyFile.SwagLabsTest@20d525] output={null}]]]>
              </value>
            </param>
          </params>
          <reporter-output>
          </reporter-output>
        </test-method> <!-- logoutFromApp -->
        <test-method is-config="true" signature="closeBrowser()[pri:0, instance:POM_DDF_TestNG_UtilityClass_BaseClass_FailedTCesSS_PropertyFile.SwagLabsTest@20d525]" started-at="2024-07-01T08:59:39 IST" name="closeBrowser" finished-at="2024-07-01T08:59:39 IST" duration-ms="147" status="PASS">
          <reporter-output>
          </reporter-output>
        </test-method> <!-- closeBrowser -->
      </class> <!-- POM_DDF_TestNG_UtilityClass_BaseClass_FailedTCesSS_PropertyFile.SwagLabsTest -->
    </test> <!-- Default test -->
  </suite> <!-- Default suite -->
</testng-results>
